[    0.000000] Linux version 4.15.0-109-generic (buildd@lgw01-amd64-010) (gcc version 7.5.0 (Ubuntu 7.5.0-3ubuntu1~18.04)) #110-Ubuntu SMP Tue Jun 23 02:39:32 UTC 2020 (Ubuntu 4.15.0-109.110-generic 4.15.18)
[    0.000000] Command line: BOOT_IMAGE=/boot/vmlinuz-4.15.0-109-generic root=LABEL=cloudimg-rootfs ro console=tty1 console=ttyS0
[    0.000000] KERNEL supported cpus:
[    0.000000]   Intel GenuineIntel
[    0.000000]   AMD AuthenticAMD
[    0.000000]   Centaur CentaurHauls
[    0.000000] x86/fpu: Supporting XSAVE feature 0x001: 'x87 floating point registers'
[    0.000000] x86/fpu: Supporting XSAVE feature 0x002: 'SSE registers'
[    0.000000] x86/fpu: Supporting XSAVE feature 0x004: 'AVX registers'
[    0.000000] x86/fpu: xstate_offset[2]:  576, xstate_sizes[2]:  256
[    0.000000] x86/fpu: Enabled xstate features 0x7, context size is 832 bytes, using 'standard' format.
[    0.000000] e820: BIOS-provided physical RAM map:
[    0.000000] BIOS-e820: [mem 0x0000000000000000-0x000000000009fbff] usable
[    0.000000] BIOS-e820: [mem 0x000000000009fc00-0x000000000009ffff] reserved
[    0.000000] BIOS-e820: [mem 0x00000000000f0000-0x00000000000fffff] reserved
[    0.000000] BIOS-e820: [mem 0x0000000000100000-0x000000003ffeffff] usable
[    0.000000] BIOS-e820: [mem 0x000000003fff0000-0x000000003fffffff] ACPI data
[    0.000000] BIOS-e820: [mem 0x00000000fec00000-0x00000000fec00fff] reserved
[    0.000000] BIOS-e820: [mem 0x00000000fee00000-0x00000000fee00fff] reserved
[    0.000000] BIOS-e820: [mem 0x00000000fffc0000-0x00000000ffffffff] reserved
[    0.000000] NX (Execute Disable) protection: active
[    0.000000] SMBIOS 2.5 present.
[    0.000000] DMI: innotek GmbH VirtualBox/VirtualBox, BIOS VirtualBox 12/01/2006
[    0.000000] Hypervisor detected: KVM
[    0.000000] e820: last_pfn = 0x3fff0 max_arch_pfn = 0x400000000
[    0.000000] MTRR: Disabled
[    0.000000] x86/PAT: MTRRs disabled, skipping PAT initialization too.
[    0.000000] CPU MTRRs all blank - virtualized system.
[    0.000000] x86/PAT: Configuration [0-7]: WB  WT  UC- UC  WB  WT  UC- UC  
[    0.000000] found SMP MP-table at [mem 0x0009fff0-0x0009ffff]
[    0.000000] Scanning 1 areas for low memory corruption
[    0.000000] RAMDISK: [mem 0x35a67000-0x36d2afff]
[    0.000000] ACPI: Early table checksum verification disabled
[    0.000000] ACPI: RSDP 0x00000000000E0000 000024 (v02 VBOX  )
[    0.000000] ACPI: XSDT 0x000000003FFF0030 00003C (v01 VBOX   VBOXXSDT 00000001 ASL  00000061)
[    0.000000] ACPI: FACP 0x000000003FFF00F0 0000F4 (v04 VBOX   VBOXFACP 00000001 ASL  00000061)
[    0.000000] ACPI: DSDT 0x000000003FFF0470 002325 (v02 VBOX   VBOXBIOS 00000002 INTL 20200214)
[    0.000000] ACPI: FACS 0x000000003FFF0200 000040
[    0.000000] ACPI: FACS 0x000000003FFF0200 000040
[    0.000000] ACPI: APIC 0x000000003FFF0240 00005C (v02 VBOX   VBOXAPIC 00000001 ASL  00000061)
[    0.000000] ACPI: SSDT 0x000000003FFF02A0 0001CC (v01 VBOX   VBOXCPUT 00000002 INTL 20200214)
[    0.000000] No NUMA configuration found
[    0.000000] Faking a node at [mem 0x0000000000000000-0x000000003ffeffff]
[    0.000000] NODE_DATA(0) allocated [mem 0x3ffc5000-0x3ffeffff]
[    0.000000] kvm-clock: cpu 0, msr 0:3ff44001, primary cpu clock
[    0.000000] kvm-clock: Using msrs 4b564d01 and 4b564d00
[    0.000000] kvm-clock: using sched offset of 3362555258 cycles
[    0.000000] clocksource: kvm-clock: mask: 0xffffffffffffffff max_cycles: 0x1cd42e4dffb, max_idle_ns: 881590591483 ns
[    0.000000] Zone ranges:
[    0.000000]   DMA      [mem 0x0000000000001000-0x0000000000ffffff]
[    0.000000]   DMA32    [mem 0x0000000001000000-0x000000003ffeffff]
[    0.000000]   Normal   empty
[    0.000000]   Device   empty
[    0.000000] Movable zone start for each node
[    0.000000] Early memory node ranges
[    0.000000]   node   0: [mem 0x0000000000001000-0x000000000009efff]
[    0.000000]   node   0: [mem 0x0000000000100000-0x000000003ffeffff]
[    0.000000] Reserved but unavailable: 98 pages
[    0.000000] Initmem setup node 0 [mem 0x0000000000001000-0x000000003ffeffff]
[    0.000000] ACPI: PM-Timer IO Port: 0x4008
[    0.000000] IOAPIC[0]: apic_id 2, version 32, address 0xfec00000, GSI 0-23
[    0.000000] ACPI: INT_SRC_OVR (bus 0 bus_irq 0 global_irq 2 dfl dfl)
[    0.000000] ACPI: INT_SRC_OVR (bus 0 bus_irq 9 global_irq 9 low level)
[    0.000000] Using ACPI (MADT) for SMP configuration information
[    0.000000] smpboot: Allowing 2 CPUs, 0 hotplug CPUs
[    0.000000] PM: Registered nosave memory: [mem 0x00000000-0x00000fff]
[    0.000000] PM: Registered nosave memory: [mem 0x0009f000-0x0009ffff]
[    0.000000] PM: Registered nosave memory: [mem 0x000a0000-0x000effff]
[    0.000000] PM: Registered nosave memory: [mem 0x000f0000-0x000fffff]
[    0.000000] e820: [mem 0x40000000-0xfebfffff] available for PCI devices
[    0.000000] Booting paravirtualized kernel on KVM
[    0.000000] clocksource: refined-jiffies: mask: 0xffffffff max_cycles: 0xffffffff, max_idle_ns: 7645519600211568 ns
[    0.000000] random: get_random_bytes called from start_kernel+0x99/0x500 with crng_init=0
[    0.000000] setup_percpu: NR_CPUS:8192 nr_cpumask_bits:2 nr_cpu_ids:2 nr_node_ids:1
[    0.000000] percpu: Embedded 45 pages/cpu s147456 r8192 d28672 u1048576
[    0.000000] PV qspinlock hash table entries: 256 (order: 0, 4096 bytes)
[    0.000000] Built 1 zonelists, mobility grouping on.  Total pages: 257913
[    0.000000] Policy zone: DMA32
[    0.000000] Kernel command line: BOOT_IMAGE=/boot/vmlinuz-4.15.0-109-generic root=LABEL=cloudimg-rootfs ro console=tty1 console=ttyS0
[    0.000000] Memory: 983036K/1048120K available (12300K kernel code, 2481K rwdata, 4272K rodata, 2436K init, 2720K bss, 65084K reserved, 0K cma-reserved)
[    0.000000] SLUB: HWalign=64, Order=0-3, MinObjects=0, CPUs=2, Nodes=1
[    0.000000] Kernel/User page tables isolation: enabled
[    0.000000] ftrace: allocating 39378 entries in 154 pages
[    0.004000] Hierarchical RCU implementation.
[    0.004000] 	RCU restricting CPUs from NR_CPUS=8192 to nr_cpu_ids=2.
[    0.004000] 	Tasks RCU enabled.
[    0.004000] RCU: Adjusting geometry for rcu_fanout_leaf=16, nr_cpu_ids=2
[    0.004000] NR_IRQS: 524544, nr_irqs: 440, preallocated irqs: 16
[    0.004000] Console: colour VGA+ 80x25
[    0.004000] console [tty1] enabled
[    0.004000] console [ttyS0] enabled
[    0.004000] ACPI: Core revision 20170831
[    0.004000] ACPI: 2 ACPI AML tables successfully acquired and loaded
[    0.004000] APIC: Switch to symmetric I/O mode setup
[    0.004000] x2apic enabled
[    0.004000] Switched APIC routing to physical x2apic.
[    0.004000] ..TIMER: vector=0x30 apic1=0 pin1=2 apic2=-1 pin2=-1
[    0.004004] tsc: Detected 2591.998 MHz processor
[    0.004763] Calibrating delay loop (skipped) preset value.. 5183.99 BogoMIPS (lpj=10367992)
[    0.005299] pid_max: default: 32768 minimum: 301
[    0.006053] Security Framework initialized
[    0.008003] Yama: becoming mindful.
[    0.008627] AppArmor: AppArmor initialized
[    0.009986] Dentry cache hash table entries: 131072 (order: 8, 1048576 bytes)
[    0.011134] Inode-cache hash table entries: 65536 (order: 7, 524288 bytes)
[    0.012014] Mount-cache hash table entries: 2048 (order: 2, 16384 bytes)
[    0.013095] Mountpoint-cache hash table entries: 2048 (order: 2, 16384 bytes)
[    0.014453] Last level iTLB entries: 4KB 64, 2MB 8, 4MB 8
[    0.015272] Last level dTLB entries: 4KB 64, 2MB 0, 4MB 0, 1GB 4
[    0.016003] Spectre V1 : Mitigation: usercopy/swapgs barriers and __user pointer sanitization
[    0.017352] Spectre V2 : Mitigation: Full generic retpoline
[    0.018224] Spectre V2 : Spectre v2 / SpectreRSB mitigation: Filling RSB on context switch
[    0.020001] Speculative Store Bypass: Vulnerable
[    0.020783] SRBDS: Unknown: Dependent on hypervisor status
[    0.021640] MDS: Mitigation: Clear CPU buffers
[    0.022568] Freeing SMP alternatives memory: 36K
[    0.133278] APIC calibration not consistent with PM-Timer: 102ms instead of 100ms
[    0.134950] APIC delta adjusted to PM-Timer: 6249725 (6432999)
[    0.136082] smpboot: CPU0: Intel(R) Core(TM) i7-6700HQ CPU @ 2.60GHz (family: 0x6, model: 0x5e, stepping: 0x3)
[    0.138391] Performance Events: unsupported p6 CPU model 94 no PMU driver, software events only.
[    0.140044] Hierarchical SRCU implementation.
[    0.142229] NMI watchdog: Perf event create on CPU 0 failed with -2
[    0.143630] NMI watchdog: Perf NMI watchdog permanently disabled
[    0.144074] smp: Bringing up secondary CPUs ...
[    0.145238] x86: Booting SMP configuration:
[    0.146214] .... node  #0, CPUs:      #1
[    0.004000] kvm-clock: cpu 1, msr 0:3ff44041, secondary cpu clock
[    0.151196] smp: Brought up 1 node, 2 CPUs
[    0.152006] smpboot: Max logical packages: 1
[    0.153006] smpboot: Total of 2 processors activated (10367.99 BogoMIPS)
[    0.154696] devtmpfs: initialized
[    0.156082] x86/mm: Memory block size: 128MB
[    0.157291] evm: security.selinux
[    0.157947] evm: security.SMACK64
[    0.158568] evm: security.SMACK64EXEC
[    0.159228] evm: security.SMACK64TRANSMUTE
[    0.160003] evm: security.SMACK64MMAP
[    0.160699] evm: security.apparmor
[    0.161286] evm: security.ima
[    0.161844] evm: security.capability
[    0.162495] clocksource: jiffies: mask: 0xffffffff max_cycles: 0xffffffff, max_idle_ns: 7645041785100000 ns
[    0.164012] futex hash table entries: 512 (order: 3, 32768 bytes)
[    0.165756] pinctrl core: initialized pinctrl subsystem
[    0.166774] RTC time:  0:38:52, date: 07/15/20
[    0.168145] NET: Registered protocol family 16
[    0.168958] audit: initializing netlink subsys (disabled)
[    0.169951] audit: type=2000 audit(1594773537.569:1): state=initialized audit_enabled=0 res=1
[    0.172013] cpuidle: using governor ladder
[    0.172654] cpuidle: using governor menu
[    0.173287] ACPI: bus type PCI registered
[    0.173962] acpiphp: ACPI Hot Plug PCI Controller Driver version: 0.5
[    0.175023] PCI: Using configuration type 1 for base access
[    0.176909] HugeTLB registered 2.00 MiB page size, pre-allocated 0 pages
[    0.177089] ACPI: Added _OSI(Module Device)
[    0.177089] ACPI: Added _OSI(Processor Device)
[    0.177454] ACPI: Added _OSI(3.0 _SCP Extensions)
[    0.180007] ACPI: Added _OSI(Processor Aggregator Device)
[    0.180836] ACPI: Added _OSI(Linux-Dell-Video)
[    0.181598] ACPI: Added _OSI(Linux-Lenovo-NV-HDMI-Audio)
[    0.182534] ACPI: Added _OSI(Linux-HPI-Hybrid-Graphics)
[    0.184266] ACPI: Executed 1 blocks of module-level executable AML code
[    0.188652] ACPI: Interpreter enabled
[    0.189293] ACPI: (supports S0 S5)
[    0.189888] ACPI: Using IOAPIC for interrupt routing
[    0.190938] PCI: Using host bridge windows from ACPI; if necessary, use "pci=nocrs" and report a bug
[    0.192168] ACPI: Enabled 2 GPEs in block 00 to 07
[    0.199224] ACPI: PCI Root Bridge [PCI0] (domain 0000 [bus 00-ff])
[    0.200008] acpi PNP0A03:00: _OSC: OS supports [ASPM ClockPM Segments MSI]
[    0.201601] acpi PNP0A03:00: _OSC: not requesting OS control; OS requires [ExtendedConfig ASPM ClockPM MSI]
[    0.203155] acpi PNP0A03:00: fail to add MMCONFIG information, can't access extended PCI configuration space under this bridge.
[    0.204361] PCI host bridge to bus 0000:00
[    0.206040] pci_bus 0000:00: root bus resource [io  0x0000-0x0cf7 window]
[    0.208004] pci_bus 0000:00: root bus resource [io  0x0d00-0xffff window]
[    0.209059] pci_bus 0000:00: root bus resource [mem 0x000a0000-0x000bffff window]
[    0.212003] pci_bus 0000:00: root bus resource [mem 0x40000000-0xfdffffff window]
[    0.213200] pci_bus 0000:00: root bus resource [bus 00-ff]
[    0.216865] pci 0000:00:01.1: legacy IDE quirk: reg 0x10: [io  0x01f0-0x01f7]
[    0.217967] pci 0000:00:01.1: legacy IDE quirk: reg 0x14: [io  0x03f6]
[    0.218947] pci 0000:00:01.1: legacy IDE quirk: reg 0x18: [io  0x0170-0x0177]
[    0.220003] pci 0000:00:01.1: legacy IDE quirk: reg 0x1c: [io  0x0376]
[    0.234239] pci 0000:00:07.0: quirk: [io  0x4000-0x403f] claimed by PIIX4 ACPI
[    0.235645] pci 0000:00:07.0: quirk: [io  0x4100-0x410f] claimed by PIIX4 SMB
[    0.241740] ACPI: PCI Interrupt Link [LNKA] (IRQs 5 9 10 *11)
[    0.243028] ACPI: PCI Interrupt Link [LNKB] (IRQs 5 9 *10 11)
[    0.244115] ACPI: PCI Interrupt Link [LNKC] (IRQs 5 *9 10 11)
[    0.245195] ACPI: PCI Interrupt Link [LNKD] (IRQs 5 9 10 *11)
[    0.246552] SCSI subsystem initialized
[    0.247295] pci 0000:00:02.0: vgaarb: setting as boot VGA device
[    0.247295] pci 0000:00:02.0: vgaarb: VGA device added: decodes=io+mem,owns=io+mem,locks=none
[    0.248015] pci 0000:00:02.0: vgaarb: bridge control possible
[    0.248959] vgaarb: loaded
[    0.249484] ACPI: bus type USB registered
[    0.252032] usbcore: registered new interface driver usbfs
[    0.252894] usbcore: registered new interface driver hub
[    0.253748] usbcore: registered new device driver usb
[    0.254618] EDAC MC: Ver: 3.0.0
[    0.254618] PCI: Using ACPI for IRQ routing
[    0.256269] NetLabel: Initializing
[    0.256870] NetLabel:  domain hash size = 128
[    0.257608] NetLabel:  protocols = UNLABELED CIPSOv4 CALIPSO
[    0.258496] NetLabel:  unlabeled traffic allowed by default
[    0.260086] clocksource: Switched to clocksource kvm-clock
[    0.272656] VFS: Disk quotas dquot_6.6.0
[    0.273418] VFS: Dquot-cache hash table entries: 512 (order 0, 4096 bytes)
[    0.274601] AppArmor: AppArmor Filesystem Enabled
[    0.275430] pnp: PnP ACPI init
[    0.276941] pnp: PnP ACPI: found 3 devices
[    0.287140] clocksource: acpi_pm: mask: 0xffffff max_cycles: 0xffffff, max_idle_ns: 2085701024 ns
[    0.288635] NET: Registered protocol family 2
[    0.289584] TCP established hash table entries: 8192 (order: 4, 65536 bytes)
[    0.290676] TCP bind hash table entries: 8192 (order: 5, 131072 bytes)
[    0.292313] TCP: Hash tables configured (established 8192 bind 8192)
[    0.293410] UDP hash table entries: 512 (order: 2, 16384 bytes)
[    0.294331] UDP-Lite hash table entries: 512 (order: 2, 16384 bytes)
[    0.295362] NET: Registered protocol family 1
[    0.296072] pci 0000:00:00.0: Limiting direct PCI/PCI transfers
[    0.297100] pci 0000:00:01.0: Activating ISA DMA hang workarounds
[    0.298081] pci 0000:00:02.0: Video device with shadowed ROM at [mem 0x000c0000-0x000dffff]
[    0.299447] Unpacking initramfs...
[    0.629034] Freeing initrd memory: 19216K
[    0.630021] clocksource: tsc: mask: 0xffffffffffffffff max_cycles: 0x255cb518234, max_idle_ns: 440795279333 ns
[    0.631675] platform rtc_cmos: registered platform RTC device (no PNP device found)
[    0.632997] Scanning for low memory corruption every 60 seconds
[    0.634670] Initialise system trusted keyrings
[    0.635455] Key type blacklist registered
[    0.636232] workingset: timestamp_bits=36 max_order=18 bucket_order=0
[    0.638556] zbud: loaded
[    0.639700] squashfs: version 4.0 (2009/01/31) Phillip Lougher
[    0.640987] fuse init (API version 7.26)
[    0.645213] Key type asymmetric registered
[    0.645901] Asymmetric key parser 'x509' registered
[    0.646750] Block layer SCSI generic (bsg) driver version 0.4 loaded (major 246)
[    0.648077] io scheduler noop registered
[    0.648838] io scheduler deadline registered
[    0.649559] io scheduler cfq registered (default)
[    0.650613] ACPI: AC Adapter [AC] (on-line)
[    0.651375] input: Power Button as /devices/LNXSYSTM:00/LNXPWRBN:00/input/input0
[    0.652649] ACPI: Power Button [PWRF]
[    0.653385] input: Sleep Button as /devices/LNXSYSTM:00/LNXSLPBN:00/input/input1
[    0.654565] ACPI: Sleep Button [SLPF]
[    0.656153] Serial: 8250/16550 driver, 32 ports, IRQ sharing enabled
[    0.656180] ACPI: Battery Slot [BAT0] (battery present)
[    0.678380] 00:02: ttyS0 at I/O 0x3f8 (irq = 4, base_baud = 115200) is a 16550A
[    0.684386] Linux agpgart interface v0.103
[    0.686178] loop: module loaded
[    0.687366] scsi host0: ata_piix
[    0.688042] scsi host1: ata_piix
[    0.688604] ata1: PATA max UDMA/33 cmd 0x1f0 ctl 0x3f6 bmdma 0xd000 irq 14
[    0.689669] ata2: PATA max UDMA/33 cmd 0x170 ctl 0x376 bmdma 0xd008 irq 15
[    0.690810] libphy: Fixed MDIO Bus: probed
[    0.691576] tun: Universal TUN/TAP device driver, 1.6
[    0.692416] PPP generic driver version 2.4.2
[    0.693259] ehci_hcd: USB 2.0 'Enhanced' Host Controller (EHCI) Driver
[    0.694532] ehci-pci: EHCI PCI platform driver
[    0.695290] ehci-platform: EHCI generic platform driver
[    0.696334] ohci_hcd: USB 1.1 'Open' Host Controller (OHCI) Driver
[    0.697526] ohci-pci: OHCI PCI platform driver
[    0.698417] ohci-platform: OHCI generic platform driver
[    0.699442] uhci_hcd: USB Universal Host Controller Interface driver
[    0.700798] i8042: PNP: PS/2 Controller [PNP0303:PS2K,PNP0f03:PS2M] at 0x60,0x64 irq 1,12
[    0.703001] serio: i8042 KBD port at 0x60,0x64 irq 1
[    0.704045] serio: i8042 AUX port at 0x60,0x64 irq 12
[    0.705217] mousedev: PS/2 mouse device common for all mice
[    0.706652] input: AT Translated Set 2 keyboard as /devices/platform/i8042/serio0/input/input2
[    0.708830] rtc_cmos rtc_cmos: rtc core: registered rtc_cmos as rtc0
[    0.710163] rtc_cmos rtc_cmos: alarms up to one day, 114 bytes nvram
[    0.711419] i2c /dev entries driver
[    0.712288] device-mapper: uevent: version 1.0.3
[    0.713422] device-mapper: ioctl: 4.37.0-ioctl (2017-09-20) initialised: dm-devel@redhat.com
[    0.715287] ledtrig-cpu: registered to indicate activity on CPUs
[    0.717177] NET: Registered protocol family 10
[    0.722142] Segment Routing with IPv6
[    0.723024] NET: Registered protocol family 17
[    0.724312] Key type dns_resolver registered
[    0.725553] mce: Using 0 MCE banks
[    0.726372] RAS: Correctable Errors collector initialized.
[    0.727794] sched_clock: Marking stable (725445467, 0)->(869971034, -144525567)
[    0.729960] registered taskstats version 1
[    0.730698] Loading compiled-in X.509 certificates
[    0.734232] Loaded X.509 cert 'Build time autogenerated kernel key: 495c641868e7df5e32bc382f03c4f4fc9cad4e78'
[    0.737784] zswap: loaded using pool lzo/zbud
[    0.742345] Key type big_key registered
[    0.743015] Key type trusted registered
[    0.745450] Key type encrypted registered
[    0.746239] AppArmor: AppArmor sha1 policy hashing enabled
[    0.747324] ima: No TPM chip found, activating TPM-bypass! (rc=-19)
[    0.748472] ima: Allocated hash algorithm: sha1
[    0.749320] evm: HMAC attrs: 0x1
[    0.750151]   Magic number: 12:709:607
[    0.750966] rtc_cmos rtc_cmos: setting system clock to 2020-07-15 00:38:53 UTC (1594773533)
[    0.752592] BIOS EDD facility v0.16 2004-Jun-25, 0 devices found
[    0.753643] EDD information not available.
[    0.874065] Freeing unused kernel image memory: 2436K
[    0.888098] Write protecting the kernel read-only data: 20480k
[    0.889807] Freeing unused kernel image memory: 2008K
[    0.891109] Freeing unused kernel image memory: 1872K
[    0.899404] x86/mm: Checked W+X mappings: passed, no W+X pages found.
[    0.900738] x86/mm: Checking user space page tables
[    0.909043] x86/mm: Checked W+X mappings: passed, no W+X pages found.
Loading, please wait...
starting version 237
[    0.990769] e1000: Intel(R) PRO/1000 Network Driver - version 7.3.21-k8-NAPI
[    0.992489] e1000: Copyright (c) 1999-2006 Intel Corporation.
[    0.997077] Fusion MPT base driver 3.04.20
[    0.997835] Copyright (c) 1999-2008 LSI Corporation
[    1.005702] Fusion MPT SPI Host driver 3.04.20
[    1.014315] AVX2 version of gcm_enc/dec engaged.
[    1.015139] AES CTR mode by8 optimization enabled
[    1.201320] input: ImExPS/2 Generic Explorer Mouse as /devices/platform/i8042/serio1/input/input4
[    1.364066] e1000 0000:00:03.0 eth0: (PCI:33MHz:32-bit) 02:a9:4c:67:4e:6e
[    1.365179] e1000 0000:00:03.0 eth0: Intel(R) PRO/1000 Network Connection
[    1.367964] e1000 0000:00:03.0 enp0s3: renamed from eth0
[    1.368086] mptbase: ioc0: Initiating bringup
[    1.468290] ioc0: LSI53C1030 A0: Capabilities={Initiator}
[    1.718502] scsi host2: ioc0: LSI53C1030 A0, FwRev=00000000h, Ports=1, MaxQ=256, IRQ=20
[    1.884457] scsi 2:0:0:0: Direct-Access     VBOX     HARDDISK         1.0  PQ: 0 ANSI: 5
[    2.500572] scsi target2:0:0: Beginning Domain Validation
[    2.502483] scsi target2:0:0: Domain Validation skipping write tests
[    2.503603] scsi target2:0:0: Ending Domain Validation
[    2.504585] scsi target2:0:0: asynchronous
[    2.505748] scsi 2:0:1:0: Direct-Access     VBOX     HARDDISK         1.0  PQ: 0 ANSI: 5
[    3.336115] scsi target2:0:1: Beginning Domain Validation
[    3.337861] random: fast init done
[    3.338733] scsi target2:0:1: Domain Validation skipping write tests
[    3.339846] scsi target2:0:1: Ending Domain Validation
[    3.340772] scsi target2:0:1: asynchronous
[    3.344668] random: systemd-udevd: uninitialized urandom read (16 bytes read)
[    3.346253] random: systemd-udevd: uninitialized urandom read (16 bytes read)
[    3.347499] random: systemd-udevd: uninitialized urandom read (16 bytes read)
[    3.349136] sd 2:0:0:0: [sda] 20971520 512-byte logical blocks: (10.7 GB/10.0 GiB)
[    3.349197] sd 2:0:0:0: Attached scsi generic sg0 type 0
[    3.351365] sd 2:0:0:0: [sda] Write Protect is off
[    3.351629] sd 2:0:1:0: [sdb] 20480 512-byte logical blocks: (10.5 MB/10.0 MiB)
[    3.353522] sd 2:0:1:0: [sdb] Write Protect is off
[    3.354425] sd 2:0:0:0: [sda] Incomplete mode parameter data
[    3.354489] sd 2:0:1:0: [sdb] Incomplete mode parameter data
[    3.355413] sd 2:0:0:0: [sda] Assuming drive cache: write through
[    3.356884] sd 2:0:1:0: [sdb] Assuming drive cache: write through
[    3.358025] sd 2:0:1:0: Attached scsi generic sg1 type 0
[    3.362099]  sda: sda1
[    3.362240] sd 2:0:1:0: [sdb] Attached SCSI disk
[    3.364247] sd 2:0:0:0: [sda] Attached SCSI disk
Begin: Loading essential drivers ... [    4.831698] raid6: sse2x1   gen() 10100 MB/s
[    4.883835] raid6: sse2x1   xor()  6945 MB/s
[    4.939663] raid6: sse2x2   gen() 12999 MB/s
[    4.991731] raid6: sse2x2   xor()  8218 MB/s
[    5.041495] raid6: sse2x4   gen() 13053 MB/s
[    5.088329] raid6: sse2x4   xor()  7715 MB/s
[    5.139565] raid6: avx2x1   gen() 18136 MB/s
[    5.191723] raid6: avx2x1   xor() 13010 MB/s
[    5.240715] raid6: avx2x2   gen() 19197 MB/s
[    5.288044] raid6: avx2x2   xor() 11839 MB/s
[    5.348615] raid6: avx2x4   gen() 29420 MB/s
[    5.397026] raid6: avx2x4   xor() 14594 MB/s
[    5.397927] raid6: using algorithm avx2x4 gen() 29420 MB/s
[    5.398845] raid6: .... xor() 14594 MB/s, rmw enabled
[    5.399715] raid6: using avx2x2 recovery algorithm
[    5.401925] xor: automatically using best checksumming function   avx       
[    5.404437] async_tx: api initialized (async)
done.
Begin: Running /scripts/init-premount ... done.
Begin: Mounting root file system ... Begin: Running /scripts/local-top ... done.
Begin: Running /scripts/local-premount ... [    5.450053] Btrfs loaded, crc32c=crc32c-intel
Scanning for Btrfs filesystems
done.
Warning: fsck not present, so skipping root file system
[    5.482574] EXT4-fs (sda1): mounted filesystem with ordered data mode. Opts: (null)
done.
Begin: Running /scripts/local-bottom ... done.
Begin: Running /scripts/init-bottom ... done.
[    5.643920] ip_tables: (C) 2000-2006 Netfilter Core Team
[    5.652140] systemd[1]: systemd 237 running in system mode. (+PAM +AUDIT +SELINUX +IMA +APPARMOR +SMACK +SYSVINIT +UTMP +LIBCRYPTSETUP +GCRYPT +GNUTLS +ACL +XZ +LZ4 +SECCOMP +BLKID +ELFUTILS +KMOD -IDN2 +IDN -PCRE2 default-hierarchy=hybrid)
[    5.655612] systemd[1]: Detected virtualization oracle.
[    5.656642] systemd[1]: Detected architecture x86-64.

Welcome to [1mUbuntu 18.04.4 LTS[0m!

[    5.662419] systemd[1]: Set hostname to <ubuntu>.
[    5.665654] systemd[1]: Initializing machine ID from random generator.
[    5.666755] systemd[1]: Installed transient /etc/machine-id file.
[    5.902366] systemd[1]: Created slice User and Session Slice.
[[0;32m  OK  [0m] Created slice User and Session Slice.
[    5.904055] systemd[1]: Reached target System Time Synchronized.
[[0;32m  OK  [0m] Reached target System Time Synchronized.
[    5.905671] systemd[1]: Reached target Swap.
[[0;32m  OK  [0m] Reached target Swap.
[    5.907178] systemd[1]: Set up automount Arbitrary Executable File Formats File System Automount Point.
[[0;32m  OK  [0m] Set up automount Arbitrary Executab…rmats File System Automount Point.
[[0;32m  OK  [0m] Reached target User and Group Name Lookups.
[[0;32m  OK  [0m] Started Forward Password Requests to Wall Directory Watch.
[[0;32m  OK  [0m] Created slice System Slice.
[[0;32m  OK  [0m] Reached target Slices.
[[0;32m  OK  [0m] Listening on udev Control Socket.
[[0;32m  OK  [0m] Listening on Network Service Netlink Socket.
[[0;32m  OK  [0m] Listening on Syslog Socket.
[[0;32m  OK  [0m] Listening on Journal Socket (/dev/log).
[[0;32m  OK  [0m] Listening on LVM2 poll daemon socket.
[[0;32m  OK  [0m] Listening on Journal Socket.
         Starting Create list of required st…ce nodes for the current kernel...
         Starting Load Kernel Modules...
         Mounting Huge Pages File System...
         Mounting POSIX Message Queue File System...
[[0;32m  OK  [0m] Created slice system-serial\x2dgetty.slice.
[[0;32m  OK  [0m] Listening on LVM2 metadata daemon socket.
         Mounting Kernel Debug File System...
[[0;32m  OK  [0m] Listening on Journal Audit Socket.
         Starting Journal Service...
         Starting Set the console keyboard layout...
[[0;32m  OK  [0m] Listening on Device-mapper event daemon FIFOs.
         Starting Monitoring of LVM2 mirrors…ng dmeventd or progress polling...
         Starting Uncomplicated firewall...
         Starting Remount Root and Kernel File Systems...
[[0;32m  OK  [0m] Listening on /dev/initctl Compatibility Named Pipe.
[[0;32m  OK  [0m] Listening on udev Kernel Socket.
         Starting udev Coldplug all Devices...
[[0;32m  OK  [0m] Started Create list of required sta…vice nodes for the current kernel.
         Starting Create Static Device Nodes in /dev...
[[0;32m  OK  [0m] Mounted Huge Pages File System.
[[0;32m  OK  [0m] Mounted POSIX Message Queue File System.
[[0;32m  OK  [0m] Mounted Kernel Debug File System.
[[0;32m  OK  [0m] Started LVM2 metadata daemon.
[[0;32m  OK  [0m] Started Uncomplicated firewall.
[    6.017541] Loading iSCSI transport class v2.0-870.
[    6.026704] iscsi: registered transport (tcp)
[    6.055094] iscsi: registered transport (iser)
[[0;32m  OK  [0m] Started udev Coldplug all Devices.
[[0;32m  OK  [0m] Started Load Kernel Modules.
         Mounting Kernel Configuration File System...
         Mounting FUSE Control File System...
         Starting Apply Kernel Variables...
[[0;32m  OK  [0m] Mounted FUSE Control File System.
[[0;32m  OK  [0m] Mounted Kernel Configuration File System.
[    6.079693] EXT4-fs (sda1): re-mounted. Opts: (null)
[[0;32m  OK  [0m] Started Create Static Device Nodes in /dev.
[[0;32m  OK  [0m] Started Remount Root and Kernel File Systems.
         Starting Load/Save Random Seed...
         Starting udev Kernel Device Manager...
[[0;32m  OK  [0m] Started Journal Service.
[[0;32m  OK  [0m] Started Apply Kernel Variables.
[[0;32m  OK  [0m] Started Load/Save Random Seed.
         Starting Flush Journal to Persistent Storage...
[[0;32m  OK  [0m] Started Monitoring of LVM2 mirrors,…sing dmeventd or progress polling.
[[0;32m  OK  [0m] Started udev Kernel Device Manager.
[[0;32m  OK  [0m] Started Flush Journal to Persistent Storage.
[[0;32m  OK  [0m] Started Set the console keyboard layout.
[[0;32m  OK  [0m] Started Dispatch Password Requests to Console Directory Watch.
[[0;32m  OK  [0m] Reached target Local Encrypted Volumes.
[[0;32m  OK  [0m] Reached target Local File Systems (Pre).
[[0;32m  OK  [0m] Reached target Local File Systems.
         Starting Create Volatile Files and Directories...
         Starting ebtables ruleset management...
         Starting Set console font and keymap...
         Starting Tell Plymouth To Write Out Runtime Data...
         Starting AppArmor initialization...
         Starting Commit a transient machine-id on disk...
[[0;32m  OK  [0m] Started Set console font and keymap.
[[0;32m  OK  [0m] Started Tell Plymouth To Write Out Runtime Data.
[[0;32m  OK  [0m] Started Create Volatile Files and Directories.
         Starting Update UTMP about System Boot/Shutdown...
[[0;32m  OK  [0m] Started Update UTMP about System Boot/Shutdown.
[[0;32m  OK  [0m] Started ebtables ruleset management.
[[0;32m  OK  [0m] Started Commit a transient machine-id on disk.
[[0;32m  OK  [0m] Found device /dev/ttyS0.
[[0;32m  OK  [0m] Listening on Load/Save RF Kill Switch Status /dev/rfkill Watch.
[[0;32m  OK  [0m] Started AppArmor initialization.
         Starting Initial cloud-init job (pre-networking)...
[    8.388660] cloud-init[553]: Cloud-init v. 19.4-33-gbb4131a2-0ubuntu1~18.04.1 running 'init-local' at Wed, 15 Jul 2020 00:39:00 +0000. Up 8.01 seconds.
[[0;32m  OK  [0m] Started Initial cloud-init job (pre-networking).
[[0;32m  OK  [0m] Reached target Network (Pre).
         Starting Network Service...
[[0;32m  OK  [0m] Started Network Service.
         Starting Wait for Network to be Configured...
         Starting Network Name Resolution...
[[0;32m  OK  [0m] Started Network Name Resolution.
[[0;32m  OK  [0m] Reached target Host and Network Name Lookups.
[[0;32m  OK  [0m] Reached target Network.
[[0;32m  OK  [0m] Started Wait for Network to be Configured.
         Starting Initial cloud-init job (metadata service crawler)...
[   10.898644] cloud-init[654]: Cloud-init v. 19.4-33-gbb4131a2-0ubuntu1~18.04.1 running 'init' at Wed, 15 Jul 2020 00:39:03 +0000. Up 10.75 seconds.
[   10.901399] cloud-init[654]: ci-info: ++++++++++++++++++++++++++++++++++++++Net device info++++++++++++++++++++++++++++++++++++++
[   10.902607] cloud-init[654]: ci-info: +--------+------+----------------------------+---------------+--------+-------------------+
[   10.903766] cloud-init[654]: ci-info: | Device |  Up  |          Address           |      Mask     | Scope  |     Hw-Address    |
[   10.905087] cloud-init[654]: ci-info: +--------+------+----------------------------+---------------+--------+-------------------+
[   10.906350] cloud-init[654]: ci-info: | enp0s3 | True |         10.0.2.15          | 255.255.255.0 | global | 02:a9:4c:67:4e:6e |
[   10.907696] cloud-init[654]: ci-info: | enp0s3 | True | fe80::a9:4cff:fe67:4e6e/64 |       .       |  link  | 02:a9:4c:67:4e:6e |
[   10.908983] cloud-init[654]: ci-info: |   lo   | True |         127.0.0.1          |   255.0.0.0   |  host  |         .         |
[   10.910351] cloud-init[654]: ci-info: |   lo   | True |          ::1/128           |       .       |  host  |         .         |
[   10.911712] cloud-init[654]: ci-info: +--------+------+----------------------------+---------------+--------+-------------------+
[   10.913034] cloud-init[654]: ci-info: ++++++++++++++++++++++++++++Route IPv4 info+++++++++++++++++++++++++++++
[   10.914188] cloud-init[654]: ci-info: +-------+-------------+----------+-----------------+-----------+-------+
[   10.915340] cloud-init[654]: ci-info: | Route | Destination | Gateway  |     Genmask     | Interface | Flags |
[   10.916550] cloud-init[654]: ci-info: +-------+-------------+----------+-----------------+-----------+-------+
[   10.917708] cloud-init[654]: ci-info: |   0   |   0.0.0.0   | 10.0.2.2 |     0.0.0.0     |   enp0s3  |   UG  |
[   10.918922] cloud-init[654]: ci-info: |   1   |   10.0.2.0  | 0.0.0.0  |  255.255.255.0  |   enp0s3  |   U   |
[   10.920159] cloud-init[654]: ci-info: |   2   |   10.0.2.2  | 0.0.0.0  | 255.255.255.255 |   enp0s3  |   UH  |
[   10.921346] cloud-init[654]: ci-info: +-------+-------------+----------+-----------------+-----------+-------+
[   10.922620] cloud-init[654]: ci-info: +++++++++++++++++++Route IPv6 info+++++++++++++++++++
[   10.923625] cloud-init[654]: ci-info: +-------+-------------+---------+-----------+-------+
[   10.924654] cloud-init[654]: ci-info: | Route | Destination | Gateway | Interface | Flags |
[   10.925690] cloud-init[654]: ci-info: +-------+-------------+---------+-----------+-------+
[   10.926719] cloud-init[654]: ci-info: |   1   |  fe80::/64  |    ::   |   enp0s3  |   U   |
[   10.927642] cloud-init[654]: ci-info: |   3   |    local    |    ::   |   enp0s3  |   U   |
[   10.928556] cloud-init[654]: ci-info: |   4   |   ff00::/8  |    ::   |   enp0s3  |   U   |
[   10.929583] cloud-init[654]: ci-info: +-------+-------------+---------+-----------+-------+
[   11.655683] cloud-init[654]: Generating public/private rsa key pair.
[   11.656700] cloud-init[654]: Your identification has been saved in /etc/ssh/ssh_host_rsa_key.
[   11.657921] cloud-init[654]: Your public key has been saved in /etc/ssh/ssh_host_rsa_key.pub.
[   11.659186] cloud-init[654]: The key fingerprint is:
[   11.659938] cloud-init[654]: SHA256:Vly5wCOpsdLbS+a1wK7Cc4VdLiiK1oMocRAxw3lFOkc root@ubuntu-bionic
[   11.661076] cloud-init[654]: The key's randomart image is:
[   11.661710] cloud-init[654]: +---[RSA 2048]----+
[   11.662271] cloud-init[654]: |=.. oE   o  ..   |
[   11.662816] cloud-init[654]: |.= .o . o.+..    |
[   11.663383] cloud-init[654]: | ..o o + .oo .   |
[   11.663867] cloud-init[654]: |.   + +  .. .    |
[   11.664466] cloud-init[654]: | .   . BSo       |
[   11.665026] cloud-init[654]: |. . . +.X o      |
[   11.665578] cloud-init[654]: |.+oo . * = .     |
[   11.666043] cloud-init[654]: |+o.o+ . + .      |
[   11.666447] cloud-init[654]: |o   .+..         |
[   11.667002] cloud-init[654]: +----[SHA256]-----+
[   11.667544] cloud-init[654]: Generating public/private dsa key pair.
[   11.668264] cloud-init[654]: Your identification has been saved in /etc/ssh/ssh_host_dsa_key.
[   11.669200] cloud-init[654]: Your public key has been saved in /etc/ssh/ssh_host_dsa_key.pub.
[   11.670124] cloud-init[654]: The key fingerprint is:
[   11.670719] cloud-init[654]: SHA256:/KmGll47D8y8zq3zak9bsZ16CVOyGv72cmH5WEaEcT4 root@ubuntu-bionic
[   11.671593] cloud-init[654]: The key's randomart image is:
[   11.672202] cloud-init[654]: +---[DSA 1024]----+
[   11.672612] cloud-init[654]: |              .o.|
[   11.673134] cloud-init[654]: |              .o.|
[   11.673650] cloud-init[654]: |               E.|
[   11.674297] cloud-init[654]: |       .    . . o|
[   11.674910] cloud-init[654]: |        S   .+ o |
[   11.675555] cloud-init[654]: |       + ...+++.o|
[   11.676271] cloud-init[654]: |       o*.+oo+oB |
[   11.676824] cloud-init[654]: |      +o=Booo.= .|
[   11.678071] cloud-init[654]: |     o.+OO*oo=.  |
[   11.678732] cloud-init[654]: +----[SHA256]-----+
[   11.679421] cloud-init[654]: Generating public/private ecdsa key pair.
[   11.680352] cloud-init[654]: Your identification has been saved in /etc/ssh/ssh_host_ecdsa_key.
[   11.681439] cloud-init[654]: Your public key has been saved in /etc/ssh/ssh_host_ecdsa_key.pub.
[   11.682588] cloud-init[654]: The key fingerprint is:
[   11.683281] cloud-init[654]: SHA256:7ZpXWThSgil56/C4i9eL2UwAlruOpyJfFbOpGYG/cdE root@ubuntu-bionic
[   11.684372] cloud-init[654]: The key's randomart image is:
[   11.685095] cloud-init[654]: +---[ECDSA 256]---+
[   11.685639] cloud-init[654]: |       . o       |
[   11.686329] cloud-init[654]: |   . .o.+ . .    |
[   11.687015] cloud-init[654]: |  . = +oE. o .   |
[   11.687686] cloud-init[654]: |   o +.*... o .  |
[   11.688434] cloud-init[654]: |    = *=S .. +   |
[   11.689111] cloud-init[654]: |     X..o.  o    |
[   11.689715] cloud-init[654]: |    *  o. ..     |
[   11.690322] cloud-init[654]: |o  +..o*.o.      |
[   11.690898] cloud-init[654]: |.o+oo.+.*o       |
[   11.691465] cloud-init[654]: +----[SHA256]-----+
[   11.692029] cloud-init[654]: Generating public/private ed25519 key pair.
[   11.692802] cloud-init[654]: Your identification has been saved in /etc/ssh/ssh_host_ed25519_key.
[   11.693679] cloud-init[654]: Your public key has been saved in /etc/ssh/ssh_host_ed25519_key.pub.
[   11.694669] cloud-init[654]: The key fingerprint is:
[   11.695276] cloud-init[654]: SHA256:/S6gfe/ALddhzEY5AFCi3Uei+HKXTZPTuHnTHIt9/I0 root@ubuntu-bionic
[   11.696287] cloud-init[654]: The key's randomart image is:
[   11.697029] cloud-init[654]: +--[ED25519 256]--+
[   11.697508] cloud-init[654]: |        oo+.o    |
[   11.698144] cloud-init[654]: |       + + o = . |
[   11.698725] cloud-init[654]: |      o o . B =. |
[   11.699285] cloud-init[654]: |       . . = Oo=o|
[   11.699845] cloud-init[654]: |      . S + +.Oo=|
[   11.700412] cloud-init[654]: |       o.o o = ++|
[   11.700971] cloud-init[654]: |       o .+ + E o|
[   11.701523] cloud-init[654]: |      . . o=     |
[   11.702122] cloud-init[654]: |         . ++    |
[   11.702843] cloud-init[654]: +----[SHA256]-----+
[[0;32m  OK  [0m] Started Initial cloud-init job (metadata service crawler).
[[0;32m  OK  [0m] Reached target Network is Online.
         Starting Availability of block devices...
[[0;32m  OK  [0m] Reached target Remote File Systems (Pre).
[[0;32m  OK  [0m] Reached target Remote File Systems.
[[0;32m  OK  [0m] Reached target System Initialization.
         Starting LXD - unix socket.
[[0;32m  OK  [0m] Listening on ACPID Listen Socket.
[[0;32m  OK  [0m] Listening on D-Bus System Message Bus Socket.
[[0;32m  OK  [0m] Listening on Open-iSCSI iscsid Socket.
[[0;32m  OK  [0m] Started Daily apt download activities.
[[0;32m  OK  [0m] Started Daily Cleanup of Temporary Directories.
[[0;32m  OK  [0m] Started Message of the Day.
         Starting Socket activation for snappy daemon.
[[0;32m  OK  [0m] Started ACPI Events Check.
[[0;32m  OK  [0m] Reached target Paths.
[[0;32m  OK  [0m] Started Daily apt upgrade and clean activities.
[[0;32m  OK  [0m] Started Discard unused blocks once a week.
[[0;32m  OK  [0m] Reached target Timers.
[[0;32m  OK  [0m] Listening on UUID daemon activation socket.
[[0;32m  OK  [0m] Reached target Cloud-config availability.
[[0;32m  OK  [0m] Listening on LXD - unix socket.
[[0;32m  OK  [0m] Listening on Socket activation for snappy daemon.
[[0;32m  OK  [0m] Reached target Sockets.
[[0;32m  OK  [0m] Reached target Basic System.
[[0;32m  OK  [0m] Started D-Bus System Message Bus.
[[0;32m  OK  [0m] Started Regular background program processing daemon.
         Starting System Logging Service...
         Starting Pollinate to seed the pseudo random number generator...
[[0;32m  OK  [0m] Started irqbalance daemon.
[[0;32m  OK  [0m] Started FUSE filesystem for LXC.
         Starting Dispatcher daemon for systemd-networkd...
         Starting LSB: Record successful boot for GRUB...
         Starting LXD - container startup/shutdown...
         Starting LSB: automatic crash report generation...
         Starting Login Service...
         Starting Permit User Sessions...
         Starting Snappy daemon...
[[0;32m  OK  [0m] Started Deferred execution scheduler.
         Starting Accounts Service...
         Starting Virtualbox guest utils...
[[0;32m  OK  [0m] Started System Logging Service.
[[0;32m  OK  [0m] Started Availability of block devices.
[[0;32m  OK  [0m] Started Permit User Sessions.
         Starting Hold until boot process finishes up...
         Starting Terminate Plymouth Boot Screen...
[[0;32m  OK  [0m] Started Hold until boot process finishes up.
[[0;32m  OK  [0m] Started Serial Getty on ttyS0.
         Starting Set console scheme...
[[0;32m  OK  [0m] Started Terminate Plymouth Boot Screen.
[[0;32m  OK  [0m] Started Login Service.
[[0;32m  OK  [0m] Started Unattended Upgrades Shutdown.
[[0;32m  OK  [0m] Started Set console scheme.
[[0;32m  OK  [0m] Created slice system-getty.slice.
[[0;32m  OK  [0m] Started Getty on tty1.
[[0;32m  OK  [0m] Reached target Login Prompts.
[[0;32m  OK  [0m] Started LSB: automatic crash report generation.
[[0;32m  OK  [0m] Started LSB: Record successful boot for GRUB.
         Starting Authorization Manager...
[[0;32m  OK  [0m] Started Virtualbox guest utils.
[[0;32m  OK  [0m] Started Authorization Manager.
[[0;32m  OK  [0m] Started Accounts Service.
[[0;32m  OK  [0m] Started LXD - container startup/shutdown.
[[0;32m  OK  [0m] Started Dispatcher daemon for systemd-networkd.
[[0;32m  OK  [0m] Started Snappy daemon.
         Starting Wait until snapd is fully seeded...
[[0;32m  OK  [0m] Started Pollinate to seed the pseudo random number generator.
         Starting OpenBSD Secure Shell server...
[[0;32m  OK  [0m] Started OpenBSD Secure Shell server.
[[0;32m  OK  [0m] Created slice User Slice of vagrant.
         Starting User Manager for UID 1000...
[[0;32m  OK  [0m] Started Session 1 of user vagrant.
[[0;32m  OK  [0m] Started User Manager for UID 1000.
[[0;32m  OK  [0m] Started Wait until snapd is fully seeded.
         Starting Apply the settings specified in cloud-config...
[[0;32m  OK  [0m] Reached target Multi-User System.
[[0;32m  OK  [0m] Reached target Graphical Interface.
         Starting Update UTMP about System Runlevel Changes...
[[0;32m  OK  [0m] Started Update UTMP about System Runlevel Changes.
[   14.942993] cloud-init[1199]: Cloud-init v. 19.4-33-gbb4131a2-0ubuntu1~18.04.1 running 'modules:config' at Wed, 15 Jul 2020 00:39:06 +0000. Up 14.23 seconds.
[[0;32m  OK  [0m] Started Apply the settings specified in cloud-config.
         Starting Execute cloud user/final scripts...
ci-info: no authorized SSH keys fingerprints found for user ubuntu.
<14>Jul 15 00:39:08 ec2: 
<14>Jul 15 00:39:08 ec2: #############################################################
<14>Jul 15 00:39:08 ec2: -----BEGIN SSH HOST KEY FINGERPRINTS-----
<14>Jul 15 00:39:08 ec2: 1024 SHA256:/KmGll47D8y8zq3zak9bsZ16CVOyGv72cmH5WEaEcT4 root@ubuntu-bionic (DSA)
<14>Jul 15 00:39:08 ec2: 256 SHA256:7ZpXWThSgil56/C4i9eL2UwAlruOpyJfFbOpGYG/cdE root@ubuntu-bionic (ECDSA)
<14>Jul 15 00:39:08 ec2: 256 SHA256:/S6gfe/ALddhzEY5AFCi3Uei+HKXTZPTuHnTHIt9/I0 root@ubuntu-bionic (ED25519)
<14>Jul 15 00:39:08 ec2: 2048 SHA256:Vly5wCOpsdLbS+a1wK7Cc4VdLiiK1oMocRAxw3lFOkc root@ubuntu-bionic (RSA)
<14>Jul 15 00:39:08 ec2: -----END SSH HOST KEY FINGERPRINTS-----
<14>Jul 15 00:39:08 ec2: #############################################################
-----BEGIN SSH HOST KEY KEYS-----
ecdsa-sha2-nistp256 AAAAE2VjZHNhLXNoYTItbmlzdHAyNTYAAAAIbmlzdHAyNTYAAABBBI9+kJNC1OhTzA+p7v4ixU3j6sW9v9m7wk2paknskDsbUL0wZVr9kPCGHohL+89mgik80dbsJpeS/RuCoJowiZc= root@ubuntu-bionic
ssh-ed25519 AAAAC3NzaC1lZDI1NTE5AAAAIB5N4Tw6Utqyw5Y7h5FTgdSiPC0qbsHUPFewvBM8g5Ac root@ubuntu-bionic
ssh-rsa AAAAB3NzaC1yc2EAAAADAQABAAABAQDULMwitQiOTFDWy4259ZwmowxkYpvN2sXunHEjGizTTPIL5zb2JAbaS4gCQ0mxcYcGqCdC9ajliaRuoxlGGaV7axajW5CSc7OVNUlhaNMoIRuGMXG8WRzHZG7FAucfh4dfCGr6+iNIszqVUs2/t3M/Wzjn6axt4AOD7G0wna0vebE5F7/ZfFChXSLMxcFpiqZnXcnxwXl0ht84By8y72UMA4ybJ0mSZWOdiRAu5gQo6REJZqwAY/S3rhjFARhGuCyGrXyb/be+UnZLZH7tpr8z6Raxws1Cd8PCijx9iCwCzil16qXqR6GbDuCYE6GSBR28AkHpSC/TGcZ+Jk+S7Bk1 root@ubuntu-bionic
-----END SSH HOST KEY KEYS-----
[   15.664740] cloud-init[1323]: Cloud-init v. 19.4-33-gbb4131a2-0ubuntu1~18.04.1 running 'modules:final' at Wed, 15 Jul 2020 00:39:08 +0000. Up 15.49 seconds.
[   15.666175] cloud-init[1323]: ci-info: no authorized SSH keys fingerprints found for user ubuntu.
[   15.667262] cloud-init[1323]: Cloud-init v. 19.4-33-gbb4131a2-0ubuntu1~18.04.1 finished at Wed, 15 Jul 2020 00:39:08 +0000. Datasource DataSourceNoCloud [seed=/dev/sdb][dsmode=net].  Up 15.65 seconds
[[0;32m  OK  [0m] Started Execute cloud user/final scripts.
[[0;32m  OK  [0m] Reached target Cloud-init target.

Ubuntu 18.04.4 LTS ubuntu-bionic ttyS0

ubuntu-bionic login: 